<?xml version="1.0" encoding="UTF-8"?>
<testsuite xmlns:xsi="http://www.w3.org/2001/XMLSchema-instance" xsi:noNamespaceSchemaLocation="https://maven.apache.org/surefire/maven-surefire-plugin/xsd/surefire-test-report.xsd" version="3.0.1" name="org.example.testDemoQa.DemoQaTest" time="39.995" tests="3" errors="3" skipped="0" failures="0">
  <properties>
[...]
</properties>
  <testcase name="testAddBook" classname="org.example.testDemoQa.DemoQaTest" time="15.121">
    <error message="timeout: Timed out receiving message from renderer: 9.738&#10;  (Session info: chrome=126.0.6478.127)&#10;Build info: version: &apos;4.21.0&apos;, revision: &apos;79ed462ef4&apos;&#10;System info: os.name: &apos;Mac OS X&apos;, os.arch: &apos;x86_64&apos;, os.version: &apos;14.5&apos;, java.version: &apos;22.0.1&apos;&#10;Driver info: org.openqa.selenium.chrome.ChromeDriver&#10;Command: [16e9dadd718a9ffbb4474e0a17159bd5, get {url=https://demoqa.com/login}]&#10;Capabilities {acceptInsecureCerts: false, browserName: chrome, browserVersion: 126.0.6478.127, chrome: {chromedriverVersion: 126.0.6478.126 (d36ace6122e..., userDataDir: /var/folders/4w/z17sf_dj43n...}, fedcm:accounts: true, goog:chromeOptions: {debuggerAddress: localhost:51851}, networkConnectionEnabled: false, pageLoadStrategy: normal, platformName: mac, proxy: Proxy(), se:cdp: ws://localhost:51851/devtoo..., se:cdpVersion: 126.0.6478.127, setWindowRect: true, strictFileInteractability: false, timeouts: {implicit: 0, pageLoad: 300000, script: 30000}, unhandledPromptBehavior: dismiss and notify, webauthn:extension:credBlob: true, webauthn:extension:largeBlob: true, webauthn:extension:minPinLength: true, webauthn:extension:prf: true, webauthn:virtualAuthenticators: true}&#10;Session ID: 16e9dadd718a9ffbb4474e0a17159bd5" type="org.openqa.selenium.TimeoutException"><![CDATA[org.openqa.selenium.TimeoutException: 
timeout: Timed out receiving message from renderer: 9.738
  (Session info: chrome=126.0.6478.127)
Build info: version: '4.21.0', revision: '79ed462ef4'
System info: os.name: 'Mac OS X', os.arch: 'x86_64', os.version: '14.5', java.version: '22.0.1'
Driver info: org.openqa.selenium.chrome.ChromeDriver
Command: [16e9dadd718a9ffbb4474e0a17159bd5, get {url=https://demoqa.com/login}]
Capabilities {acceptInsecureCerts: false, browserName: chrome, browserVersion: 126.0.6478.127, chrome: {chromedriverVersion: 126.0.6478.126 (d36ace6122e..., userDataDir: /var/folders/4w/z17sf_dj43n...}, fedcm:accounts: true, goog:chromeOptions: {debuggerAddress: localhost:51851}, networkConnectionEnabled: false, pageLoadStrategy: normal, platformName: mac, proxy: Proxy(), se:cdp: ws://localhost:51851/devtoo..., se:cdpVersion: 126.0.6478.127, setWindowRect: true, strictFileInteractability: false, timeouts: {implicit: 0, pageLoad: 300000, script: 30000}, unhandledPromptBehavior: dismiss and notify, webauthn:extension:credBlob: true, webauthn:extension:largeBlob: true, webauthn:extension:minPinLength: true, webauthn:extension:prf: true, webauthn:virtualAuthenticators: true}
Session ID: 16e9dadd718a9ffbb4474e0a17159bd5
	at java.base/jdk.internal.reflect.DirectConstructorHandleAccessor.newInstance(DirectConstructorHandleAccessor.java:62)
	at java.base/java.lang.reflect.Constructor.newInstanceWithCaller(Constructor.java:502)
	at java.base/java.lang.reflect.Constructor.newInstance(Constructor.java:486)
	at org.openqa.selenium.remote.ErrorCodec.decode(ErrorCodec.java:167)
	at org.openqa.selenium.remote.codec.w3c.W3CHttpResponseCodec.decode(W3CHttpResponseCodec.java:138)
	at org.openqa.selenium.remote.codec.w3c.W3CHttpResponseCodec.decode(W3CHttpResponseCodec.java:50)
	at org.openqa.selenium.remote.HttpCommandExecutor.execute(HttpCommandExecutor.java:190)
	at org.openqa.selenium.remote.service.DriverCommandExecutor.invokeExecute(DriverCommandExecutor.java:216)
	at org.openqa.selenium.remote.service.DriverCommandExecutor.execute(DriverCommandExecutor.java:174)
	at org.openqa.selenium.remote.RemoteWebDriver.execute(RemoteWebDriver.java:518)
	at org.openqa.selenium.remote.RemoteWebDriver.get(RemoteWebDriver.java:300)
	at org.example.testDemoQa.LoginPage.<init>(LoginPage.java:20)
	at org.example.core.BaseSeleniumTest.login(BaseSeleniumTest.java:29)
	at org.example.testDemoQa.DemoQaTest.testAddBook(DemoQaTest.java:32)
	at java.base/jdk.internal.reflect.DirectMethodHandleAccessor.invoke(DirectMethodHandleAccessor.java:103)
	at java.base/java.lang.reflect.Method.invoke(Method.java:580)
	at org.junit.platform.commons.util.ReflectionUtils.invokeMethod(ReflectionUtils.java:725)
	at org.junit.jupiter.engine.execution.MethodInvocation.proceed(MethodInvocation.java:60)
	at org.junit.jupiter.engine.execution.InvocationInterceptorChain$ValidatingInvocation.proceed(InvocationInterceptorChain.java:131)
	at org.junit.jupiter.engine.extension.TimeoutExtension.intercept(TimeoutExtension.java:149)
	at org.junit.jupiter.engine.extension.TimeoutExtension.interceptTestableMethod(TimeoutExtension.java:140)
	at org.junit.jupiter.engine.extension.TimeoutExtension.interceptTestMethod(TimeoutExtension.java:84)
	at org.junit.jupiter.engine.execution.ExecutableInvoker$ReflectiveInterceptorCall.lambda$ofVoidMethod$0(ExecutableInvoker.java:115)
	at org.junit.jupiter.engine.execution.ExecutableInvoker.lambda$invoke$0(ExecutableInvoker.java:105)
	at org.junit.jupiter.engine.execution.InvocationInterceptorChain$InterceptedInvocation.proceed(InvocationInterceptorChain.java:106)
	at org.junit.jupiter.engine.execution.InvocationInterceptorChain.proceed(InvocationInterceptorChain.java:64)
	at org.junit.jupiter.engine.execution.InvocationInterceptorChain.chainAndInvoke(InvocationInterceptorChain.java:45)
	at org.junit.jupiter.engine.execution.InvocationInterceptorChain.invoke(InvocationInterceptorChain.java:37)
	at org.junit.jupiter.engine.execution.ExecutableInvoker.invoke(ExecutableInvoker.java:104)
	at org.junit.jupiter.engine.execution.ExecutableInvoker.invoke(ExecutableInvoker.java:98)
	at org.junit.jupiter.engine.descriptor.TestMethodTestDescriptor.lambda$invokeTestMethod$7(TestMethodTestDescriptor.java:214)
	at org.junit.platform.engine.support.hierarchical.ThrowableCollector.execute(ThrowableCollector.java:73)
	at org.junit.jupiter.engine.descriptor.TestMethodTestDescriptor.invokeTestMethod(TestMethodTestDescriptor.java:210)
	at org.junit.jupiter.engine.descriptor.TestMethodTestDescriptor.execute(TestMethodTestDescriptor.java:135)
	at org.junit.jupiter.engine.descriptor.TestMethodTestDescriptor.execute(TestMethodTestDescriptor.java:66)
	at org.junit.platform.engine.support.hierarchical.NodeTestTask.lambda$executeRecursively$6(NodeTestTask.java:151)
	at org.junit.platform.engine.support.hierarchical.ThrowableCollector.execute(ThrowableCollector.java:73)
	at org.junit.platform.engine.support.hierarchical.NodeTestTask.lambda$executeRecursively$8(NodeTestTask.java:141)
	at org.junit.platform.engine.support.hierarchical.Node.around(Node.java:137)
	at org.junit.platform.engine.support.hierarchical.NodeTestTask.lambda$executeRecursively$9(NodeTestTask.java:139)
	at org.junit.platform.engine.support.hierarchical.ThrowableCollector.execute(ThrowableCollector.java:73)
	at org.junit.platform.engine.support.hierarchical.NodeTestTask.executeRecursively(NodeTestTask.java:138)
	at org.junit.platform.engine.support.hierarchical.NodeTestTask.execute(NodeTestTask.java:95)
	at java.base/java.util.ArrayList.forEach(ArrayList.java:1597)
	at org.junit.platform.engine.support.hierarchical.SameThreadHierarchicalTestExecutorService.invokeAll(SameThreadHierarchicalTestExecutorService.java:41)
	at org.junit.platform.engine.support.hierarchical.NodeTestTask.lambda$executeRecursively$6(NodeTestTask.java:155)
	at org.junit.platform.engine.support.hierarchical.ThrowableCollector.execute(ThrowableCollector.java:73)
	at org.junit.platform.engine.support.hierarchical.NodeTestTask.lambda$executeRecursively$8(NodeTestTask.java:141)
	at org.junit.platform.engine.support.hierarchical.Node.around(Node.java:137)
	at org.junit.platform.engine.support.hierarchical.NodeTestTask.lambda$executeRecursively$9(NodeTestTask.java:139)
	at org.junit.platform.engine.support.hierarchical.ThrowableCollector.execute(ThrowableCollector.java:73)
	at org.junit.platform.engine.support.hierarchical.NodeTestTask.executeRecursively(NodeTestTask.java:138)
	at org.junit.platform.engine.support.hierarchical.NodeTestTask.execute(NodeTestTask.java:95)
	at java.base/java.util.ArrayList.forEach(ArrayList.java:1597)
	at org.junit.platform.engine.support.hierarchical.SameThreadHierarchicalTestExecutorService.invokeAll(SameThreadHierarchicalTestExecutorService.java:41)
	at org.junit.platform.engine.support.hierarchical.NodeTestTask.lambda$executeRecursively$6(NodeTestTask.java:155)
	at org.junit.platform.engine.support.hierarchical.ThrowableCollector.execute(ThrowableCollector.java:73)
	at org.junit.platform.engine.support.hierarchical.NodeTestTask.lambda$executeRecursively$8(NodeTestTask.java:141)
	at org.junit.platform.engine.support.hierarchical.Node.around(Node.java:137)
	at org.junit.platform.engine.support.hierarchical.NodeTestTask.lambda$executeRecursively$9(NodeTestTask.java:139)
	at org.junit.platform.engine.support.hierarchical.ThrowableCollector.execute(ThrowableCollector.java:73)
	at org.junit.platform.engine.support.hierarchical.NodeTestTask.executeRecursively(NodeTestTask.java:138)
	at org.junit.platform.engine.support.hierarchical.NodeTestTask.execute(NodeTestTask.java:95)
	at org.junit.platform.engine.support.hierarchical.SameThreadHierarchicalTestExecutorService.submit(SameThreadHierarchicalTestExecutorService.java:35)
	at org.junit.platform.engine.support.hierarchical.HierarchicalTestExecutor.execute(HierarchicalTestExecutor.java:57)
	at org.junit.platform.engine.support.hierarchical.HierarchicalTestEngine.execute(HierarchicalTestEngine.java:54)
	at org.junit.platform.launcher.core.EngineExecutionOrchestrator.execute(EngineExecutionOrchestrator.java:107)
	at org.junit.platform.launcher.core.EngineExecutionOrchestrator.execute(EngineExecutionOrchestrator.java:88)
	at org.junit.platform.launcher.core.EngineExecutionOrchestrator.lambda$execute$0(EngineExecutionOrchestrator.java:54)
	at org.junit.platform.launcher.core.EngineExecutionOrchestrator.withInterceptedStreams(EngineExecutionOrchestrator.java:67)
	at org.junit.platform.launcher.core.EngineExecutionOrchestrator.execute(EngineExecutionOrchestrator.java:52)
	at org.junit.platform.launcher.core.DefaultLauncher.execute(DefaultLauncher.java:114)
	at org.junit.platform.launcher.core.DefaultLauncher.execute(DefaultLauncher.java:86)
	at org.junit.platform.launcher.core.DefaultLauncherSession$DelegatingLauncher.execute(DefaultLauncherSession.java:86)
	at org.apache.maven.surefire.junitplatform.LazyLauncher.execute(LazyLauncher.java:56)
	at org.apache.maven.surefire.junitplatform.JUnitPlatformProvider.execute(JUnitPlatformProvider.java:184)
	at org.apache.maven.surefire.junitplatform.JUnitPlatformProvider.invokeAllTests(JUnitPlatformProvider.java:148)
	at org.apache.maven.surefire.junitplatform.JUnitPlatformProvider.invoke(JUnitPlatformProvider.java:122)
	at org.apache.maven.surefire.booter.ForkedBooter.runSuitesInProcess(ForkedBooter.java:385)
	at org.apache.maven.surefire.booter.ForkedBooter.execute(ForkedBooter.java:162)
	at org.apache.maven.surefire.booter.ForkedBooter.run(ForkedBooter.java:507)
	at org.apache.maven.surefire.booter.ForkedBooter.main(ForkedBooter.java:495)
]]></error>
    <system-out><![CDATA[13:22:26.686 [main] DEBUG org.apache.http.impl.conn.BasicClientConnectionManager -- Get connection for route {s}->https://demoqa.com:443
13:22:26.698 [main] DEBUG org.apache.http.impl.conn.DefaultClientConnectionOperator -- Connecting to demoqa.com:443
13:22:27.096 [main] DEBUG org.apache.http.client.protocol.RequestAddCookies -- CookieSpec selected: ignoreCookies
13:22:27.096 [main] DEBUG org.apache.http.client.protocol.RequestAuthCache -- Auth cache not set in the context
13:22:27.097 [main] DEBUG org.apache.http.client.protocol.RequestTargetAuthentication -- Target auth state: UNCHALLENGED
13:22:27.097 [main] DEBUG org.apache.http.client.protocol.RequestProxyAuthentication -- Proxy auth state: UNCHALLENGED
13:22:27.097 [main] DEBUG org.apache.http.impl.client.DefaultHttpClient -- Attempt 1 to execute request
13:22:27.097 [main] DEBUG org.apache.http.impl.conn.DefaultClientConnection -- Sending request: POST /Account/v1/GenerateToken HTTP/1.1
13:22:27.097 [main] DEBUG org.apache.http.wire --  >> "POST /Account/v1/GenerateToken HTTP/1.1[\r][\n]"
13:22:27.098 [main] DEBUG org.apache.http.wire --  >> "Accept: */*[\r][\n]"
13:22:27.098 [main] DEBUG org.apache.http.wire --  >> "Content-Type: application/json[\r][\n]"
13:22:27.098 [main] DEBUG org.apache.http.wire --  >> "Content-Length: 52[\r][\n]"
13:22:27.098 [main] DEBUG org.apache.http.wire --  >> "Host: demoqa.com[\r][\n]"
13:22:27.098 [main] DEBUG org.apache.http.wire --  >> "Connection: Keep-Alive[\r][\n]"
13:22:27.098 [main] DEBUG org.apache.http.wire --  >> "User-Agent: Apache-HttpClient/4.5.13 (Java/22.0.1)[\r][\n]"
13:22:27.098 [main] DEBUG org.apache.http.wire --  >> "Accept-Encoding: gzip,deflate[\r][\n]"
13:22:27.098 [main] DEBUG org.apache.http.wire --  >> "[\r][\n]"
13:22:27.098 [main] DEBUG org.apache.http.headers -- >> POST /Account/v1/GenerateToken HTTP/1.1
13:22:27.098 [main] DEBUG org.apache.http.headers -- >> Accept: */*
13:22:27.099 [main] DEBUG org.apache.http.headers -- >> Content-Type: application/json
13:22:27.099 [main] DEBUG org.apache.http.headers -- >> Content-Length: 52
13:22:27.099 [main] DEBUG org.apache.http.headers -- >> Host: demoqa.com
13:22:27.099 [main] DEBUG org.apache.http.headers -- >> Connection: Keep-Alive
13:22:27.099 [main] DEBUG org.apache.http.headers -- >> User-Agent: Apache-HttpClient/4.5.13 (Java/22.0.1)
13:22:27.099 [main] DEBUG org.apache.http.headers -- >> Accept-Encoding: gzip,deflate
13:22:27.099 [main] DEBUG org.apache.http.wire --  >> "{"password":"Gosling1!","userName":"RyanGosling123"}"
13:22:27.694 [main] DEBUG org.apache.http.wire --  << "HTTP/1.1 200 OK[\r][\n]"
13:22:27.695 [main] DEBUG org.apache.http.wire --  << "Server: nginx/1.17.10 (Ubuntu)[\r][\n]"
13:22:27.695 [main] DEBUG org.apache.http.wire --  << "Date: Thu, 27 Jun 2024 08:22:27 GMT[\r][\n]"
13:22:27.695 [main] DEBUG org.apache.http.wire --  << "Content-Type: application/json; charset=utf-8[\r][\n]"
13:22:27.695 [main] DEBUG org.apache.http.wire --  << "Content-Length: 282[\r][\n]"
13:22:27.695 [main] DEBUG org.apache.http.wire --  << "Connection: keep-alive[\r][\n]"
13:22:27.696 [main] DEBUG org.apache.http.wire --  << "X-Powered-By: Express[\r][\n]"
13:22:27.696 [main] DEBUG org.apache.http.wire --  << "ETag: W/"11a-krqqFQU903dyXsNKMrytDT+FBQY"[\r][\n]"
13:22:27.696 [main] DEBUG org.apache.http.wire --  << "[\r][\n]"
13:22:27.696 [main] DEBUG org.apache.http.impl.conn.DefaultClientConnection -- Receiving response: HTTP/1.1 200 OK
13:22:27.696 [main] DEBUG org.apache.http.headers -- << HTTP/1.1 200 OK
13:22:27.697 [main] DEBUG org.apache.http.headers -- << Server: nginx/1.17.10 (Ubuntu)
13:22:27.697 [main] DEBUG org.apache.http.headers -- << Date: Thu, 27 Jun 2024 08:22:27 GMT
13:22:27.697 [main] DEBUG org.apache.http.headers -- << Content-Type: application/json; charset=utf-8
13:22:27.697 [main] DEBUG org.apache.http.headers -- << Content-Length: 282
13:22:27.697 [main] DEBUG org.apache.http.headers -- << Connection: keep-alive
13:22:27.697 [main] DEBUG org.apache.http.headers -- << X-Powered-By: Express
13:22:27.697 [main] DEBUG org.apache.http.headers -- << ETag: W/"11a-krqqFQU903dyXsNKMrytDT+FBQY"
13:22:27.700 [main] DEBUG org.apache.http.impl.client.DefaultHttpClient -- Connection can be kept alive indefinitely
13:22:27.706 [main] DEBUG io.restassured.internal.RestAssuredHttpBuilder -- Parsing response as: application/json; charset=utf-8
13:22:27.706 [main] DEBUG io.restassured.internal.RestAssuredHttpBuilder -- Parsed data to instance of: class org.apache.http.conn.EofSensorInputStream
13:22:27.733 [main] DEBUG org.apache.http.wire --  << "{"token":"eyJhbGciOiJIUzI1NiIsInR5cCI6IkpXVCJ9.eyJ1c2VyTmFtZSI6IlJ5YW5Hb3NsaW5nMTIzIiwicGFzc3dvcmQiOiJHb3NsaW5nMSEiLCJpYXQiOjE3MTk0NzY1NDd9.NmVkrYqnR-wpvmeFWizqfXcIhHvAPNM4KW2V2xdn1rI","expires":"2024-07-04T08:22:27.185Z","status":"Success","result":"User authorized successfully."}"
13:22:27.733 [main] DEBUG org.apache.http.impl.conn.BasicClientConnectionManager -- Releasing connection org.apache.http.impl.conn.ManagedClientConnectionImpl@2ba5aa7a
13:22:27.734 [main] DEBUG org.apache.http.impl.conn.BasicClientConnectionManager -- Connection can be kept alive indefinitely
13:22:27.756 [main] DEBUG org.apache.http.impl.conn.BasicClientConnectionManager -- Get connection for route {s}->https://demoqa.com:443
13:22:27.756 [main] DEBUG org.apache.http.impl.conn.DefaultClientConnectionOperator -- Connecting to demoqa.com:443
13:22:27.915 [main] DEBUG org.apache.http.client.protocol.RequestAddCookies -- CookieSpec selected: ignoreCookies
13:22:27.915 [main] DEBUG org.apache.http.client.protocol.RequestAuthCache -- Auth cache not set in the context
13:22:27.915 [main] DEBUG org.apache.http.client.protocol.RequestProxyAuthentication -- Proxy auth state: UNCHALLENGED
13:22:27.915 [main] DEBUG org.apache.http.impl.client.DefaultHttpClient -- Attempt 1 to execute request
13:22:27.915 [main] DEBUG org.apache.http.impl.conn.DefaultClientConnection -- Sending request: POST /BookStore/v1/Books HTTP/1.1
13:22:27.915 [main] DEBUG org.apache.http.wire --  >> "POST /BookStore/v1/Books HTTP/1.1[\r][\n]"
13:22:27.915 [main] DEBUG org.apache.http.wire --  >> "Authorization: Bearer eyJhbGciOiJIUzI1NiIsInR5cCI6IkpXVCJ9.eyJ1c2VyTmFtZSI6IlJ5YW5Hb3NsaW5nMTIzIiwicGFzc3dvcmQiOiJHb3NsaW5nMSEiLCJpYXQiOjE3MTk0NzY1NDd9.NmVkrYqnR-wpvmeFWizqfXcIhHvAPNM4KW2V2xdn1rI[\r][\n]"
13:22:27.915 [main] DEBUG org.apache.http.wire --  >> "Accept: */*[\r][\n]"
13:22:27.915 [main] DEBUG org.apache.http.wire --  >> "Content-Type: application/json[\r][\n]"
13:22:27.915 [main] DEBUG org.apache.http.wire --  >> "Content-Length: 363[\r][\n]"
13:22:27.916 [main] DEBUG org.apache.http.wire --  >> "Host: demoqa.com[\r][\n]"
13:22:27.916 [main] DEBUG org.apache.http.wire --  >> "Connection: Keep-Alive[\r][\n]"
13:22:27.916 [main] DEBUG org.apache.http.wire --  >> "User-Agent: Apache-HttpClient/4.5.13 (Java/22.0.1)[\r][\n]"
13:22:27.916 [main] DEBUG org.apache.http.wire --  >> "Accept-Encoding: gzip,deflate[\r][\n]"
13:22:27.916 [main] DEBUG org.apache.http.wire --  >> "[\r][\n]"
13:22:27.916 [main] DEBUG org.apache.http.headers -- >> POST /BookStore/v1/Books HTTP/1.1
13:22:27.916 [main] DEBUG org.apache.http.headers -- >> Authorization: Bearer eyJhbGciOiJIUzI1NiIsInR5cCI6IkpXVCJ9.eyJ1c2VyTmFtZSI6IlJ5YW5Hb3NsaW5nMTIzIiwicGFzc3dvcmQiOiJHb3NsaW5nMSEiLCJpYXQiOjE3MTk0NzY1NDd9.NmVkrYqnR-wpvmeFWizqfXcIhHvAPNM4KW2V2xdn1rI
13:22:27.916 [main] DEBUG org.apache.http.headers -- >> Accept: */*
13:22:27.916 [main] DEBUG org.apache.http.headers -- >> Content-Type: application/json
13:22:27.916 [main] DEBUG org.apache.http.headers -- >> Content-Length: 363
13:22:27.916 [main] DEBUG org.apache.http.headers -- >> Host: demoqa.com
13:22:27.916 [main] DEBUG org.apache.http.headers -- >> Connection: Keep-Alive
13:22:27.916 [main] DEBUG org.apache.http.headers -- >> User-Agent: Apache-HttpClient/4.5.13 (Java/22.0.1)
13:22:27.917 [main] DEBUG org.apache.http.headers -- >> Accept-Encoding: gzip,deflate
13:22:27.917 [main] DEBUG org.apache.http.wire --  >> "{[\r][\n]"
13:22:27.917 [main] DEBUG org.apache.http.wire --  >> "  "userId": "4ff834c7-8d0e-4b0d-9d16-1dca4afbe6ae",[\r][\n]"
13:22:27.917 [main] DEBUG org.apache.http.wire --  >> "  "collectionOfIsbns": [[\r][\n]"
13:22:27.917 [main] DEBUG org.apache.http.wire --  >> "    {[\r][\n]"
13:22:27.917 [main] DEBUG org.apache.http.wire --  >> "      "isbn": "9781449325862"[\r][\n]"
13:22:27.917 [main] DEBUG org.apache.http.wire --  >> "    },[\r][\n]"
13:22:27.917 [main] DEBUG org.apache.http.wire --  >> "    {[\r][\n]"
13:22:27.917 [main] DEBUG org.apache.http.wire --  >> "      "isbn": "9781449331818"[\r][\n]"
13:22:27.917 [main] DEBUG org.apache.http.wire --  >> "    },[\r][\n]"
13:22:27.917 [main] DEBUG org.apache.http.wire --  >> "    {[\r][\n]"
13:22:27.917 [main] DEBUG org.apache.http.wire --  >> "      "isbn": "9781449337711"[\r][\n]"
13:22:27.917 [main] DEBUG org.apache.http.wire --  >> "    },[\r][\n]"
13:22:27.917 [main] DEBUG org.apache.http.wire --  >> "    {[\r][\n]"
13:22:27.917 [main] DEBUG org.apache.http.wire --  >> "      "isbn": "9781449365035"[\r][\n]"
13:22:27.917 [main] DEBUG org.apache.http.wire --  >> "    },[\r][\n]"
13:22:27.917 [main] DEBUG org.apache.http.wire --  >> "    {[\r][\n]"
13:22:27.917 [main] DEBUG org.apache.http.wire --  >> "      "isbn": "9781491904244"[\r][\n]"
13:22:27.917 [main] DEBUG org.apache.http.wire --  >> "    },[\r][\n]"
13:22:27.918 [main] DEBUG org.apache.http.wire --  >> "    {[\r][\n]"
13:22:27.918 [main] DEBUG org.apache.http.wire --  >> "      "isbn": "9781491950296"[\r][\n]"
13:22:27.918 [main] DEBUG org.apache.http.wire --  >> "    }[\r][\n]"
13:22:27.918 [main] DEBUG org.apache.http.wire --  >> "  ][\r][\n]"
13:22:27.918 [main] DEBUG org.apache.http.wire --  >> "}"
13:22:28.052 [main] DEBUG org.apache.http.wire --  << "HTTP/1.1 201 Created[\r][\n]"
13:22:28.052 [main] DEBUG org.apache.http.wire --  << "Server: nginx/1.17.10 (Ubuntu)[\r][\n]"
13:22:28.052 [main] DEBUG org.apache.http.wire --  << "Date: Thu, 27 Jun 2024 08:22:28 GMT[\r][\n]"
13:22:28.052 [main] DEBUG org.apache.http.wire --  << "Content-Type: application/json; charset=utf-8[\r][\n]"
13:22:28.053 [main] DEBUG org.apache.http.wire --  << "Content-Length: 161[\r][\n]"
13:22:28.053 [main] DEBUG org.apache.http.wire --  << "Connection: keep-alive[\r][\n]"
13:22:28.053 [main] DEBUG org.apache.http.wire --  << "X-Powered-By: Express[\r][\n]"
13:22:28.053 [main] DEBUG org.apache.http.wire --  << "ETag: W/"a1-XMsZ5dLxDfuj7yADwdLwIqQjZ2Q"[\r][\n]"
13:22:28.053 [main] DEBUG org.apache.http.wire --  << "[\r][\n]"
13:22:28.053 [main] DEBUG org.apache.http.impl.conn.DefaultClientConnection -- Receiving response: HTTP/1.1 201 Created
13:22:28.053 [main] DEBUG org.apache.http.headers -- << HTTP/1.1 201 Created
13:22:28.053 [main] DEBUG org.apache.http.headers -- << Server: nginx/1.17.10 (Ubuntu)
13:22:28.053 [main] DEBUG org.apache.http.headers -- << Date: Thu, 27 Jun 2024 08:22:28 GMT
13:22:28.053 [main] DEBUG org.apache.http.headers -- << Content-Type: application/json; charset=utf-8
13:22:28.053 [main] DEBUG org.apache.http.headers -- << Content-Length: 161
13:22:28.053 [main] DEBUG org.apache.http.headers -- << Connection: keep-alive
13:22:28.053 [main] DEBUG org.apache.http.headers -- << X-Powered-By: Express
13:22:28.053 [main] DEBUG org.apache.http.headers -- << ETag: W/"a1-XMsZ5dLxDfuj7yADwdLwIqQjZ2Q"
13:22:28.053 [main] DEBUG org.apache.http.impl.client.DefaultHttpClient -- Connection can be kept alive indefinitely
13:22:28.054 [main] DEBUG io.restassured.internal.RestAssuredHttpBuilder -- Parsing response as: application/json; charset=utf-8
13:22:28.054 [main] DEBUG io.restassured.internal.RestAssuredHttpBuilder -- Parsed data to instance of: class org.apache.http.conn.EofSensorInputStream
13:22:28.066 [main] DEBUG io.github.bonigarcia.wdm.WebDriverManager -- Using WebDriverManager 5.8.0
13:22:28.325 [main] DEBUG io.github.bonigarcia.wdm.cache.ResolutionCache -- Resolution chrome=126 in cache (valid until 14:11:56 27/06/2024 YEKT)
13:22:28.326 [main] DEBUG io.github.bonigarcia.wdm.cache.ResolutionCache -- Resolution chrome126=126.0.6478.126 in cache (valid until 00:46:15 28/06/2024 YEKT)
13:22:28.327 [main] INFO io.github.bonigarcia.wdm.WebDriverManager -- Using chromedriver 126.0.6478.126 (resolved driver for Chrome 126)
13:22:28.338 [main] DEBUG io.github.bonigarcia.wdm.WebDriverManager -- Driver chromedriver 126.0.6478.126 found in cache
13:22:28.339 [main] INFO io.github.bonigarcia.wdm.WebDriverManager -- Exporting webdriver.chrome.driver as /Users/admin/.cache/selenium/chromedriver/mac64/126.0.6478.126/chromedriver
]]></system-out>
    <system-err><![CDATA[июн. 27, 2024 1:22:30 PM org.openqa.selenium.devtools.CdpVersionFinder findNearestMatch
WARNING: Unable to find an exact match for CDP version 126, returning the closest version; found: 125; Please update to a Selenium version that supports CDP version 126
]]></system-err>
  </testcase>
  <testcase name="authorization" classname="org.example.testDemoQa.DemoQaTest" time="11.705">
    <error message="timeout: Timed out receiving message from renderer: 9.749&#10;  (Session info: chrome=126.0.6478.127)&#10;Build info: version: &apos;4.21.0&apos;, revision: &apos;79ed462ef4&apos;&#10;System info: os.name: &apos;Mac OS X&apos;, os.arch: &apos;x86_64&apos;, os.version: &apos;14.5&apos;, java.version: &apos;22.0.1&apos;&#10;Driver info: org.openqa.selenium.chrome.ChromeDriver&#10;Command: [8bca20afc2fe0cac9965e355b7078c50, get {url=https://demoqa.com/login}]&#10;Capabilities {acceptInsecureCerts: false, browserName: chrome, browserVersion: 126.0.6478.127, chrome: {chromedriverVersion: 126.0.6478.126 (d36ace6122e..., userDataDir: /var/folders/4w/z17sf_dj43n...}, fedcm:accounts: true, goog:chromeOptions: {debuggerAddress: localhost:51883}, networkConnectionEnabled: false, pageLoadStrategy: normal, platformName: mac, proxy: Proxy(), se:cdp: ws://localhost:51883/devtoo..., se:cdpVersion: 126.0.6478.127, setWindowRect: true, strictFileInteractability: false, timeouts: {implicit: 0, pageLoad: 300000, script: 30000}, unhandledPromptBehavior: dismiss and notify, webauthn:extension:credBlob: true, webauthn:extension:largeBlob: true, webauthn:extension:minPinLength: true, webauthn:extension:prf: true, webauthn:virtualAuthenticators: true}&#10;Session ID: 8bca20afc2fe0cac9965e355b7078c50" type="org.openqa.selenium.TimeoutException"><![CDATA[org.openqa.selenium.TimeoutException: 
timeout: Timed out receiving message from renderer: 9.749
  (Session info: chrome=126.0.6478.127)
Build info: version: '4.21.0', revision: '79ed462ef4'
System info: os.name: 'Mac OS X', os.arch: 'x86_64', os.version: '14.5', java.version: '22.0.1'
Driver info: org.openqa.selenium.chrome.ChromeDriver
Command: [8bca20afc2fe0cac9965e355b7078c50, get {url=https://demoqa.com/login}]
Capabilities {acceptInsecureCerts: false, browserName: chrome, browserVersion: 126.0.6478.127, chrome: {chromedriverVersion: 126.0.6478.126 (d36ace6122e..., userDataDir: /var/folders/4w/z17sf_dj43n...}, fedcm:accounts: true, goog:chromeOptions: {debuggerAddress: localhost:51883}, networkConnectionEnabled: false, pageLoadStrategy: normal, platformName: mac, proxy: Proxy(), se:cdp: ws://localhost:51883/devtoo..., se:cdpVersion: 126.0.6478.127, setWindowRect: true, strictFileInteractability: false, timeouts: {implicit: 0, pageLoad: 300000, script: 30000}, unhandledPromptBehavior: dismiss and notify, webauthn:extension:credBlob: true, webauthn:extension:largeBlob: true, webauthn:extension:minPinLength: true, webauthn:extension:prf: true, webauthn:virtualAuthenticators: true}
Session ID: 8bca20afc2fe0cac9965e355b7078c50
	at java.base/jdk.internal.reflect.DirectConstructorHandleAccessor.newInstance(DirectConstructorHandleAccessor.java:62)
	at java.base/java.lang.reflect.Constructor.newInstanceWithCaller(Constructor.java:502)
	at java.base/java.lang.reflect.Constructor.newInstance(Constructor.java:486)
	at org.openqa.selenium.remote.ErrorCodec.decode(ErrorCodec.java:167)
	at org.openqa.selenium.remote.codec.w3c.W3CHttpResponseCodec.decode(W3CHttpResponseCodec.java:138)
	at org.openqa.selenium.remote.codec.w3c.W3CHttpResponseCodec.decode(W3CHttpResponseCodec.java:50)
	at org.openqa.selenium.remote.HttpCommandExecutor.execute(HttpCommandExecutor.java:190)
	at org.openqa.selenium.remote.service.DriverCommandExecutor.invokeExecute(DriverCommandExecutor.java:216)
	at org.openqa.selenium.remote.service.DriverCommandExecutor.execute(DriverCommandExecutor.java:174)
	at org.openqa.selenium.remote.RemoteWebDriver.execute(RemoteWebDriver.java:518)
	at org.openqa.selenium.remote.RemoteWebDriver.get(RemoteWebDriver.java:300)
	at org.example.testDemoQa.LoginPage.<init>(LoginPage.java:20)
	at org.example.core.BaseSeleniumTest.login(BaseSeleniumTest.java:29)
	at org.example.testDemoQa.DemoQaTest.authorization(DemoQaTest.java:21)
	at java.base/jdk.internal.reflect.DirectMethodHandleAccessor.invoke(DirectMethodHandleAccessor.java:103)
	at java.base/java.lang.reflect.Method.invoke(Method.java:580)
	at org.junit.platform.commons.util.ReflectionUtils.invokeMethod(ReflectionUtils.java:725)
	at org.junit.jupiter.engine.execution.MethodInvocation.proceed(MethodInvocation.java:60)
	at org.junit.jupiter.engine.execution.InvocationInterceptorChain$ValidatingInvocation.proceed(InvocationInterceptorChain.java:131)
	at org.junit.jupiter.engine.extension.TimeoutExtension.intercept(TimeoutExtension.java:149)
	at org.junit.jupiter.engine.extension.TimeoutExtension.interceptTestableMethod(TimeoutExtension.java:140)
	at org.junit.jupiter.engine.extension.TimeoutExtension.interceptTestMethod(TimeoutExtension.java:84)
	at org.junit.jupiter.engine.execution.ExecutableInvoker$ReflectiveInterceptorCall.lambda$ofVoidMethod$0(ExecutableInvoker.java:115)
	at org.junit.jupiter.engine.execution.ExecutableInvoker.lambda$invoke$0(ExecutableInvoker.java:105)
	at org.junit.jupiter.engine.execution.InvocationInterceptorChain$InterceptedInvocation.proceed(InvocationInterceptorChain.java:106)
	at org.junit.jupiter.engine.execution.InvocationInterceptorChain.proceed(InvocationInterceptorChain.java:64)
	at org.junit.jupiter.engine.execution.InvocationInterceptorChain.chainAndInvoke(InvocationInterceptorChain.java:45)
	at org.junit.jupiter.engine.execution.InvocationInterceptorChain.invoke(InvocationInterceptorChain.java:37)
	at org.junit.jupiter.engine.execution.ExecutableInvoker.invoke(ExecutableInvoker.java:104)
	at org.junit.jupiter.engine.execution.ExecutableInvoker.invoke(ExecutableInvoker.java:98)
	at org.junit.jupiter.engine.descriptor.TestMethodTestDescriptor.lambda$invokeTestMethod$7(TestMethodTestDescriptor.java:214)
	at org.junit.platform.engine.support.hierarchical.ThrowableCollector.execute(ThrowableCollector.java:73)
	at org.junit.jupiter.engine.descriptor.TestMethodTestDescriptor.invokeTestMethod(TestMethodTestDescriptor.java:210)
	at org.junit.jupiter.engine.descriptor.TestMethodTestDescriptor.execute(TestMethodTestDescriptor.java:135)
	at org.junit.jupiter.engine.descriptor.TestMethodTestDescriptor.execute(TestMethodTestDescriptor.java:66)
	at org.junit.platform.engine.support.hierarchical.NodeTestTask.lambda$executeRecursively$6(NodeTestTask.java:151)
	at org.junit.platform.engine.support.hierarchical.ThrowableCollector.execute(ThrowableCollector.java:73)
	at org.junit.platform.engine.support.hierarchical.NodeTestTask.lambda$executeRecursively$8(NodeTestTask.java:141)
	at org.junit.platform.engine.support.hierarchical.Node.around(Node.java:137)
	at org.junit.platform.engine.support.hierarchical.NodeTestTask.lambda$executeRecursively$9(NodeTestTask.java:139)
	at org.junit.platform.engine.support.hierarchical.ThrowableCollector.execute(ThrowableCollector.java:73)
	at org.junit.platform.engine.support.hierarchical.NodeTestTask.executeRecursively(NodeTestTask.java:138)
	at org.junit.platform.engine.support.hierarchical.NodeTestTask.execute(NodeTestTask.java:95)
	at java.base/java.util.ArrayList.forEach(ArrayList.java:1597)
	at org.junit.platform.engine.support.hierarchical.SameThreadHierarchicalTestExecutorService.invokeAll(SameThreadHierarchicalTestExecutorService.java:41)
	at org.junit.platform.engine.support.hierarchical.NodeTestTask.lambda$executeRecursively$6(NodeTestTask.java:155)
	at org.junit.platform.engine.support.hierarchical.ThrowableCollector.execute(ThrowableCollector.java:73)
	at org.junit.platform.engine.support.hierarchical.NodeTestTask.lambda$executeRecursively$8(NodeTestTask.java:141)
	at org.junit.platform.engine.support.hierarchical.Node.around(Node.java:137)
	at org.junit.platform.engine.support.hierarchical.NodeTestTask.lambda$executeRecursively$9(NodeTestTask.java:139)
	at org.junit.platform.engine.support.hierarchical.ThrowableCollector.execute(ThrowableCollector.java:73)
	at org.junit.platform.engine.support.hierarchical.NodeTestTask.executeRecursively(NodeTestTask.java:138)
	at org.junit.platform.engine.support.hierarchical.NodeTestTask.execute(NodeTestTask.java:95)
	at java.base/java.util.ArrayList.forEach(ArrayList.java:1597)
	at org.junit.platform.engine.support.hierarchical.SameThreadHierarchicalTestExecutorService.invokeAll(SameThreadHierarchicalTestExecutorService.java:41)
	at org.junit.platform.engine.support.hierarchical.NodeTestTask.lambda$executeRecursively$6(NodeTestTask.java:155)
	at org.junit.platform.engine.support.hierarchical.ThrowableCollector.execute(ThrowableCollector.java:73)
	at org.junit.platform.engine.support.hierarchical.NodeTestTask.lambda$executeRecursively$8(NodeTestTask.java:141)
	at org.junit.platform.engine.support.hierarchical.Node.around(Node.java:137)
	at org.junit.platform.engine.support.hierarchical.NodeTestTask.lambda$executeRecursively$9(NodeTestTask.java:139)
	at org.junit.platform.engine.support.hierarchical.ThrowableCollector.execute(ThrowableCollector.java:73)
	at org.junit.platform.engine.support.hierarchical.NodeTestTask.executeRecursively(NodeTestTask.java:138)
	at org.junit.platform.engine.support.hierarchical.NodeTestTask.execute(NodeTestTask.java:95)
	at org.junit.platform.engine.support.hierarchical.SameThreadHierarchicalTestExecutorService.submit(SameThreadHierarchicalTestExecutorService.java:35)
	at org.junit.platform.engine.support.hierarchical.HierarchicalTestExecutor.execute(HierarchicalTestExecutor.java:57)
	at org.junit.platform.engine.support.hierarchical.HierarchicalTestEngine.execute(HierarchicalTestEngine.java:54)
	at org.junit.platform.launcher.core.EngineExecutionOrchestrator.execute(EngineExecutionOrchestrator.java:107)
	at org.junit.platform.launcher.core.EngineExecutionOrchestrator.execute(EngineExecutionOrchestrator.java:88)
	at org.junit.platform.launcher.core.EngineExecutionOrchestrator.lambda$execute$0(EngineExecutionOrchestrator.java:54)
	at org.junit.platform.launcher.core.EngineExecutionOrchestrator.withInterceptedStreams(EngineExecutionOrchestrator.java:67)
	at org.junit.platform.launcher.core.EngineExecutionOrchestrator.execute(EngineExecutionOrchestrator.java:52)
	at org.junit.platform.launcher.core.DefaultLauncher.execute(DefaultLauncher.java:114)
	at org.junit.platform.launcher.core.DefaultLauncher.execute(DefaultLauncher.java:86)
	at org.junit.platform.launcher.core.DefaultLauncherSession$DelegatingLauncher.execute(DefaultLauncherSession.java:86)
	at org.apache.maven.surefire.junitplatform.LazyLauncher.execute(LazyLauncher.java:56)
	at org.apache.maven.surefire.junitplatform.JUnitPlatformProvider.execute(JUnitPlatformProvider.java:184)
	at org.apache.maven.surefire.junitplatform.JUnitPlatformProvider.invokeAllTests(JUnitPlatformProvider.java:148)
	at org.apache.maven.surefire.junitplatform.JUnitPlatformProvider.invoke(JUnitPlatformProvider.java:122)
	at org.apache.maven.surefire.booter.ForkedBooter.runSuitesInProcess(ForkedBooter.java:385)
	at org.apache.maven.surefire.booter.ForkedBooter.execute(ForkedBooter.java:162)
	at org.apache.maven.surefire.booter.ForkedBooter.run(ForkedBooter.java:507)
	at org.apache.maven.surefire.booter.ForkedBooter.main(ForkedBooter.java:495)
]]></error>
    <system-out><![CDATA[13:22:40.798 [main] DEBUG io.github.bonigarcia.wdm.WebDriverManager -- Using WebDriverManager 5.8.0
13:22:40.806 [main] DEBUG io.github.bonigarcia.wdm.cache.ResolutionCache -- Resolution chrome=126 in cache (valid until 14:11:56 27/06/2024 YEKT)
13:22:40.807 [main] DEBUG io.github.bonigarcia.wdm.cache.ResolutionCache -- Resolution chrome126=126.0.6478.126 in cache (valid until 00:46:15 28/06/2024 YEKT)
13:22:40.807 [main] INFO io.github.bonigarcia.wdm.WebDriverManager -- Using chromedriver 126.0.6478.126 (resolved driver for Chrome 126)
13:22:40.810 [main] DEBUG io.github.bonigarcia.wdm.WebDriverManager -- Driver chromedriver 126.0.6478.126 found in cache
13:22:40.811 [main] INFO io.github.bonigarcia.wdm.WebDriverManager -- Exporting webdriver.chrome.driver as /Users/admin/.cache/selenium/chromedriver/mac64/126.0.6478.126/chromedriver
13:22:40.831 [Finalizer] DEBUG org.apache.http.impl.conn.DefaultClientConnection -- Connection 0.0.0.0:51844<->176.58.101.124:443 closed
13:22:40.831 [Finalizer] DEBUG org.apache.http.impl.conn.DefaultClientConnection -- Connection 0.0.0.0:51845<->176.58.101.124:443 closed
]]></system-out>
    <system-err><![CDATA[июн. 27, 2024 1:22:41 PM org.openqa.selenium.devtools.CdpVersionFinder findNearestMatch
WARNING: Unable to find an exact match for CDP version 126, returning the closest version; found: 125; Please update to a Selenium version that supports CDP version 126
]]></system-err>
  </testcase>
  <testcase name="testAddBookAndDelete" classname="org.example.testDemoQa.DemoQaTest" time="13.147">
    <error message="timeout: Timed out receiving message from renderer: 9.748&#10;  (Session info: chrome=126.0.6478.127)&#10;Build info: version: &apos;4.21.0&apos;, revision: &apos;79ed462ef4&apos;&#10;System info: os.name: &apos;Mac OS X&apos;, os.arch: &apos;x86_64&apos;, os.version: &apos;14.5&apos;, java.version: &apos;22.0.1&apos;&#10;Driver info: org.openqa.selenium.chrome.ChromeDriver&#10;Command: [cd11336c961d764207ae2e7a12cda274, get {url=https://demoqa.com/login}]&#10;Capabilities {acceptInsecureCerts: false, browserName: chrome, browserVersion: 126.0.6478.127, chrome: {chromedriverVersion: 126.0.6478.126 (d36ace6122e..., userDataDir: /var/folders/4w/z17sf_dj43n...}, fedcm:accounts: true, goog:chromeOptions: {debuggerAddress: localhost:51919}, networkConnectionEnabled: false, pageLoadStrategy: normal, platformName: mac, proxy: Proxy(), se:cdp: ws://localhost:51919/devtoo..., se:cdpVersion: 126.0.6478.127, setWindowRect: true, strictFileInteractability: false, timeouts: {implicit: 0, pageLoad: 300000, script: 30000}, unhandledPromptBehavior: dismiss and notify, webauthn:extension:credBlob: true, webauthn:extension:largeBlob: true, webauthn:extension:minPinLength: true, webauthn:extension:prf: true, webauthn:virtualAuthenticators: true}&#10;Session ID: cd11336c961d764207ae2e7a12cda274" type="org.openqa.selenium.TimeoutException"><![CDATA[org.openqa.selenium.TimeoutException: 
timeout: Timed out receiving message from renderer: 9.748
  (Session info: chrome=126.0.6478.127)
Build info: version: '4.21.0', revision: '79ed462ef4'
System info: os.name: 'Mac OS X', os.arch: 'x86_64', os.version: '14.5', java.version: '22.0.1'
Driver info: org.openqa.selenium.chrome.ChromeDriver
Command: [cd11336c961d764207ae2e7a12cda274, get {url=https://demoqa.com/login}]
Capabilities {acceptInsecureCerts: false, browserName: chrome, browserVersion: 126.0.6478.127, chrome: {chromedriverVersion: 126.0.6478.126 (d36ace6122e..., userDataDir: /var/folders/4w/z17sf_dj43n...}, fedcm:accounts: true, goog:chromeOptions: {debuggerAddress: localhost:51919}, networkConnectionEnabled: false, pageLoadStrategy: normal, platformName: mac, proxy: Proxy(), se:cdp: ws://localhost:51919/devtoo..., se:cdpVersion: 126.0.6478.127, setWindowRect: true, strictFileInteractability: false, timeouts: {implicit: 0, pageLoad: 300000, script: 30000}, unhandledPromptBehavior: dismiss and notify, webauthn:extension:credBlob: true, webauthn:extension:largeBlob: true, webauthn:extension:minPinLength: true, webauthn:extension:prf: true, webauthn:virtualAuthenticators: true}
Session ID: cd11336c961d764207ae2e7a12cda274
	at java.base/jdk.internal.reflect.DirectConstructorHandleAccessor.newInstance(DirectConstructorHandleAccessor.java:62)
	at java.base/java.lang.reflect.Constructor.newInstanceWithCaller(Constructor.java:502)
	at java.base/java.lang.reflect.Constructor.newInstance(Constructor.java:486)
	at org.openqa.selenium.remote.ErrorCodec.decode(ErrorCodec.java:167)
	at org.openqa.selenium.remote.codec.w3c.W3CHttpResponseCodec.decode(W3CHttpResponseCodec.java:138)
	at org.openqa.selenium.remote.codec.w3c.W3CHttpResponseCodec.decode(W3CHttpResponseCodec.java:50)
	at org.openqa.selenium.remote.HttpCommandExecutor.execute(HttpCommandExecutor.java:190)
	at org.openqa.selenium.remote.service.DriverCommandExecutor.invokeExecute(DriverCommandExecutor.java:216)
	at org.openqa.selenium.remote.service.DriverCommandExecutor.execute(DriverCommandExecutor.java:174)
	at org.openqa.selenium.remote.RemoteWebDriver.execute(RemoteWebDriver.java:518)
	at org.openqa.selenium.remote.RemoteWebDriver.get(RemoteWebDriver.java:300)
	at org.example.testDemoQa.LoginPage.<init>(LoginPage.java:20)
	at org.example.core.BaseSeleniumTest.login(BaseSeleniumTest.java:29)
	at org.example.testDemoQa.DemoQaTest.testAddBookAndDelete(DemoQaTest.java:51)
	at java.base/jdk.internal.reflect.DirectMethodHandleAccessor.invoke(DirectMethodHandleAccessor.java:103)
	at java.base/java.lang.reflect.Method.invoke(Method.java:580)
	at org.junit.platform.commons.util.ReflectionUtils.invokeMethod(ReflectionUtils.java:725)
	at org.junit.jupiter.engine.execution.MethodInvocation.proceed(MethodInvocation.java:60)
	at org.junit.jupiter.engine.execution.InvocationInterceptorChain$ValidatingInvocation.proceed(InvocationInterceptorChain.java:131)
	at org.junit.jupiter.engine.extension.TimeoutExtension.intercept(TimeoutExtension.java:149)
	at org.junit.jupiter.engine.extension.TimeoutExtension.interceptTestableMethod(TimeoutExtension.java:140)
	at org.junit.jupiter.engine.extension.TimeoutExtension.interceptTestMethod(TimeoutExtension.java:84)
	at org.junit.jupiter.engine.execution.ExecutableInvoker$ReflectiveInterceptorCall.lambda$ofVoidMethod$0(ExecutableInvoker.java:115)
	at org.junit.jupiter.engine.execution.ExecutableInvoker.lambda$invoke$0(ExecutableInvoker.java:105)
	at org.junit.jupiter.engine.execution.InvocationInterceptorChain$InterceptedInvocation.proceed(InvocationInterceptorChain.java:106)
	at org.junit.jupiter.engine.execution.InvocationInterceptorChain.proceed(InvocationInterceptorChain.java:64)
	at org.junit.jupiter.engine.execution.InvocationInterceptorChain.chainAndInvoke(InvocationInterceptorChain.java:45)
	at org.junit.jupiter.engine.execution.InvocationInterceptorChain.invoke(InvocationInterceptorChain.java:37)
	at org.junit.jupiter.engine.execution.ExecutableInvoker.invoke(ExecutableInvoker.java:104)
	at org.junit.jupiter.engine.execution.ExecutableInvoker.invoke(ExecutableInvoker.java:98)
	at org.junit.jupiter.engine.descriptor.TestMethodTestDescriptor.lambda$invokeTestMethod$7(TestMethodTestDescriptor.java:214)
	at org.junit.platform.engine.support.hierarchical.ThrowableCollector.execute(ThrowableCollector.java:73)
	at org.junit.jupiter.engine.descriptor.TestMethodTestDescriptor.invokeTestMethod(TestMethodTestDescriptor.java:210)
	at org.junit.jupiter.engine.descriptor.TestMethodTestDescriptor.execute(TestMethodTestDescriptor.java:135)
	at org.junit.jupiter.engine.descriptor.TestMethodTestDescriptor.execute(TestMethodTestDescriptor.java:66)
	at org.junit.platform.engine.support.hierarchical.NodeTestTask.lambda$executeRecursively$6(NodeTestTask.java:151)
	at org.junit.platform.engine.support.hierarchical.ThrowableCollector.execute(ThrowableCollector.java:73)
	at org.junit.platform.engine.support.hierarchical.NodeTestTask.lambda$executeRecursively$8(NodeTestTask.java:141)
	at org.junit.platform.engine.support.hierarchical.Node.around(Node.java:137)
	at org.junit.platform.engine.support.hierarchical.NodeTestTask.lambda$executeRecursively$9(NodeTestTask.java:139)
	at org.junit.platform.engine.support.hierarchical.ThrowableCollector.execute(ThrowableCollector.java:73)
	at org.junit.platform.engine.support.hierarchical.NodeTestTask.executeRecursively(NodeTestTask.java:138)
	at org.junit.platform.engine.support.hierarchical.NodeTestTask.execute(NodeTestTask.java:95)
	at java.base/java.util.ArrayList.forEach(ArrayList.java:1597)
	at org.junit.platform.engine.support.hierarchical.SameThreadHierarchicalTestExecutorService.invokeAll(SameThreadHierarchicalTestExecutorService.java:41)
	at org.junit.platform.engine.support.hierarchical.NodeTestTask.lambda$executeRecursively$6(NodeTestTask.java:155)
	at org.junit.platform.engine.support.hierarchical.ThrowableCollector.execute(ThrowableCollector.java:73)
	at org.junit.platform.engine.support.hierarchical.NodeTestTask.lambda$executeRecursively$8(NodeTestTask.java:141)
	at org.junit.platform.engine.support.hierarchical.Node.around(Node.java:137)
	at org.junit.platform.engine.support.hierarchical.NodeTestTask.lambda$executeRecursively$9(NodeTestTask.java:139)
	at org.junit.platform.engine.support.hierarchical.ThrowableCollector.execute(ThrowableCollector.java:73)
	at org.junit.platform.engine.support.hierarchical.NodeTestTask.executeRecursively(NodeTestTask.java:138)
	at org.junit.platform.engine.support.hierarchical.NodeTestTask.execute(NodeTestTask.java:95)
	at java.base/java.util.ArrayList.forEach(ArrayList.java:1597)
	at org.junit.platform.engine.support.hierarchical.SameThreadHierarchicalTestExecutorService.invokeAll(SameThreadHierarchicalTestExecutorService.java:41)
	at org.junit.platform.engine.support.hierarchical.NodeTestTask.lambda$executeRecursively$6(NodeTestTask.java:155)
	at org.junit.platform.engine.support.hierarchical.ThrowableCollector.execute(ThrowableCollector.java:73)
	at org.junit.platform.engine.support.hierarchical.NodeTestTask.lambda$executeRecursively$8(NodeTestTask.java:141)
	at org.junit.platform.engine.support.hierarchical.Node.around(Node.java:137)
	at org.junit.platform.engine.support.hierarchical.NodeTestTask.lambda$executeRecursively$9(NodeTestTask.java:139)
	at org.junit.platform.engine.support.hierarchical.ThrowableCollector.execute(ThrowableCollector.java:73)
	at org.junit.platform.engine.support.hierarchical.NodeTestTask.executeRecursively(NodeTestTask.java:138)
	at org.junit.platform.engine.support.hierarchical.NodeTestTask.execute(NodeTestTask.java:95)
	at org.junit.platform.engine.support.hierarchical.SameThreadHierarchicalTestExecutorService.submit(SameThreadHierarchicalTestExecutorService.java:35)
	at org.junit.platform.engine.support.hierarchical.HierarchicalTestExecutor.execute(HierarchicalTestExecutor.java:57)
	at org.junit.platform.engine.support.hierarchical.HierarchicalTestEngine.execute(HierarchicalTestEngine.java:54)
	at org.junit.platform.launcher.core.EngineExecutionOrchestrator.execute(EngineExecutionOrchestrator.java:107)
	at org.junit.platform.launcher.core.EngineExecutionOrchestrator.execute(EngineExecutionOrchestrator.java:88)
	at org.junit.platform.launcher.core.EngineExecutionOrchestrator.lambda$execute$0(EngineExecutionOrchestrator.java:54)
	at org.junit.platform.launcher.core.EngineExecutionOrchestrator.withInterceptedStreams(EngineExecutionOrchestrator.java:67)
	at org.junit.platform.launcher.core.EngineExecutionOrchestrator.execute(EngineExecutionOrchestrator.java:52)
	at org.junit.platform.launcher.core.DefaultLauncher.execute(DefaultLauncher.java:114)
	at org.junit.platform.launcher.core.DefaultLauncher.execute(DefaultLauncher.java:86)
	at org.junit.platform.launcher.core.DefaultLauncherSession$DelegatingLauncher.execute(DefaultLauncherSession.java:86)
	at org.apache.maven.surefire.junitplatform.LazyLauncher.execute(LazyLauncher.java:56)
	at org.apache.maven.surefire.junitplatform.JUnitPlatformProvider.execute(JUnitPlatformProvider.java:184)
	at org.apache.maven.surefire.junitplatform.JUnitPlatformProvider.invokeAllTests(JUnitPlatformProvider.java:148)
	at org.apache.maven.surefire.junitplatform.JUnitPlatformProvider.invoke(JUnitPlatformProvider.java:122)
	at org.apache.maven.surefire.booter.ForkedBooter.runSuitesInProcess(ForkedBooter.java:385)
	at org.apache.maven.surefire.booter.ForkedBooter.execute(ForkedBooter.java:162)
	at org.apache.maven.surefire.booter.ForkedBooter.run(ForkedBooter.java:507)
	at org.apache.maven.surefire.booter.ForkedBooter.main(ForkedBooter.java:495)
]]></error>
    <system-out><![CDATA[13:22:52.512 [main] DEBUG org.apache.http.impl.conn.BasicClientConnectionManager -- Get connection for route {s}->https://demoqa.com:443
13:22:52.512 [main] DEBUG org.apache.http.impl.conn.DefaultClientConnectionOperator -- Connecting to demoqa.com:443
13:22:52.668 [main] DEBUG org.apache.http.client.protocol.RequestAddCookies -- CookieSpec selected: ignoreCookies
13:22:52.669 [main] DEBUG org.apache.http.client.protocol.RequestAuthCache -- Auth cache not set in the context
13:22:52.669 [main] DEBUG org.apache.http.client.protocol.RequestTargetAuthentication -- Target auth state: UNCHALLENGED
13:22:52.669 [main] DEBUG org.apache.http.client.protocol.RequestProxyAuthentication -- Proxy auth state: UNCHALLENGED
13:22:52.669 [main] DEBUG org.apache.http.impl.client.DefaultHttpClient -- Attempt 1 to execute request
13:22:52.669 [main] DEBUG org.apache.http.impl.conn.DefaultClientConnection -- Sending request: POST /Account/v1/GenerateToken HTTP/1.1
13:22:52.669 [main] DEBUG org.apache.http.wire --  >> "POST /Account/v1/GenerateToken HTTP/1.1[\r][\n]"
13:22:52.669 [main] DEBUG org.apache.http.wire --  >> "Accept: */*[\r][\n]"
13:22:52.669 [main] DEBUG org.apache.http.wire --  >> "Content-Type: application/json[\r][\n]"
13:22:52.669 [main] DEBUG org.apache.http.wire --  >> "Content-Length: 52[\r][\n]"
13:22:52.669 [main] DEBUG org.apache.http.wire --  >> "Host: demoqa.com[\r][\n]"
13:22:52.669 [main] DEBUG org.apache.http.wire --  >> "Connection: Keep-Alive[\r][\n]"
13:22:52.669 [main] DEBUG org.apache.http.wire --  >> "User-Agent: Apache-HttpClient/4.5.13 (Java/22.0.1)[\r][\n]"
13:22:52.669 [main] DEBUG org.apache.http.wire --  >> "Accept-Encoding: gzip,deflate[\r][\n]"
13:22:52.670 [main] DEBUG org.apache.http.wire --  >> "[\r][\n]"
13:22:52.670 [main] DEBUG org.apache.http.headers -- >> POST /Account/v1/GenerateToken HTTP/1.1
13:22:52.670 [main] DEBUG org.apache.http.headers -- >> Accept: */*
13:22:52.670 [main] DEBUG org.apache.http.headers -- >> Content-Type: application/json
13:22:52.670 [main] DEBUG org.apache.http.headers -- >> Content-Length: 52
13:22:52.670 [main] DEBUG org.apache.http.headers -- >> Host: demoqa.com
13:22:52.670 [main] DEBUG org.apache.http.headers -- >> Connection: Keep-Alive
13:22:52.670 [main] DEBUG org.apache.http.headers -- >> User-Agent: Apache-HttpClient/4.5.13 (Java/22.0.1)
13:22:52.670 [main] DEBUG org.apache.http.headers -- >> Accept-Encoding: gzip,deflate
13:22:52.670 [main] DEBUG org.apache.http.wire --  >> "{"password":"Gosling1!","userName":"RyanGosling123"}"
13:22:53.396 [main] DEBUG org.apache.http.wire --  << "HTTP/1.1 200 OK[\r][\n]"
13:22:53.396 [main] DEBUG org.apache.http.wire --  << "Server: nginx/1.17.10 (Ubuntu)[\r][\n]"
13:22:53.396 [main] DEBUG org.apache.http.wire --  << "Date: Thu, 27 Jun 2024 08:22:53 GMT[\r][\n]"
13:22:53.396 [main] DEBUG org.apache.http.wire --  << "Content-Type: application/json; charset=utf-8[\r][\n]"
13:22:53.396 [main] DEBUG org.apache.http.wire --  << "Content-Length: 85[\r][\n]"
13:22:53.396 [main] DEBUG org.apache.http.wire --  << "Connection: keep-alive[\r][\n]"
13:22:53.396 [main] DEBUG org.apache.http.wire --  << "X-Powered-By: Express[\r][\n]"
13:22:53.397 [main] DEBUG org.apache.http.wire --  << "ETag: W/"55-uDqoBYBzbvMfwcbBiE9kdrLOtHY"[\r][\n]"
13:22:53.397 [main] DEBUG org.apache.http.wire --  << "[\r][\n]"
13:22:53.397 [main] DEBUG org.apache.http.impl.conn.DefaultClientConnection -- Receiving response: HTTP/1.1 200 OK
13:22:53.397 [main] DEBUG org.apache.http.headers -- << HTTP/1.1 200 OK
13:22:53.397 [main] DEBUG org.apache.http.headers -- << Server: nginx/1.17.10 (Ubuntu)
13:22:53.397 [main] DEBUG org.apache.http.headers -- << Date: Thu, 27 Jun 2024 08:22:53 GMT
13:22:53.397 [main] DEBUG org.apache.http.headers -- << Content-Type: application/json; charset=utf-8
13:22:53.397 [main] DEBUG org.apache.http.headers -- << Content-Length: 85
13:22:53.397 [main] DEBUG org.apache.http.headers -- << Connection: keep-alive
13:22:53.397 [main] DEBUG org.apache.http.headers -- << X-Powered-By: Express
13:22:53.397 [main] DEBUG org.apache.http.headers -- << ETag: W/"55-uDqoBYBzbvMfwcbBiE9kdrLOtHY"
13:22:53.397 [main] DEBUG org.apache.http.impl.client.DefaultHttpClient -- Connection can be kept alive indefinitely
13:22:53.397 [main] DEBUG io.restassured.internal.RestAssuredHttpBuilder -- Parsing response as: application/json; charset=utf-8
13:22:53.398 [main] DEBUG io.restassured.internal.RestAssuredHttpBuilder -- Parsed data to instance of: class org.apache.http.conn.EofSensorInputStream
13:22:53.399 [main] DEBUG org.apache.http.wire --  << "{"token":null,"expires":null,"status":"Failed","result":"User authorization failed."}"
13:22:53.399 [main] DEBUG org.apache.http.impl.conn.BasicClientConnectionManager -- Releasing connection org.apache.http.impl.conn.ManagedClientConnectionImpl@1e1237ab
13:22:53.399 [main] DEBUG org.apache.http.impl.conn.BasicClientConnectionManager -- Connection can be kept alive indefinitely
13:22:53.408 [main] DEBUG org.apache.http.impl.conn.BasicClientConnectionManager -- Get connection for route {s}->https://demoqa.com:443
13:22:53.408 [main] DEBUG org.apache.http.impl.conn.DefaultClientConnectionOperator -- Connecting to demoqa.com:443
13:22:53.573 [main] DEBUG org.apache.http.client.protocol.RequestAddCookies -- CookieSpec selected: ignoreCookies
13:22:53.574 [main] DEBUG org.apache.http.client.protocol.RequestAuthCache -- Auth cache not set in the context
13:22:53.574 [main] DEBUG org.apache.http.client.protocol.RequestProxyAuthentication -- Proxy auth state: UNCHALLENGED
13:22:53.574 [main] DEBUG org.apache.http.impl.client.DefaultHttpClient -- Attempt 1 to execute request
13:22:53.574 [main] DEBUG org.apache.http.impl.conn.DefaultClientConnection -- Sending request: POST /BookStore/v1/Books HTTP/1.1
13:22:53.574 [main] DEBUG org.apache.http.wire --  >> "POST /BookStore/v1/Books HTTP/1.1[\r][\n]"
13:22:53.574 [main] DEBUG org.apache.http.wire --  >> "Authorization: Bearer null[\r][\n]"
13:22:53.574 [main] DEBUG org.apache.http.wire --  >> "Accept: */*[\r][\n]"
13:22:53.574 [main] DEBUG org.apache.http.wire --  >> "Content-Type: application/json[\r][\n]"
13:22:53.574 [main] DEBUG org.apache.http.wire --  >> "Content-Length: 179[\r][\n]"
13:22:53.574 [main] DEBUG org.apache.http.wire --  >> "Host: demoqa.com[\r][\n]"
13:22:53.574 [main] DEBUG org.apache.http.wire --  >> "Connection: Keep-Alive[\r][\n]"
13:22:53.574 [main] DEBUG org.apache.http.wire --  >> "User-Agent: Apache-HttpClient/4.5.13 (Java/22.0.1)[\r][\n]"
13:22:53.574 [main] DEBUG org.apache.http.wire --  >> "Accept-Encoding: gzip,deflate[\r][\n]"
13:22:53.575 [main] DEBUG org.apache.http.wire --  >> "[\r][\n]"
13:22:53.575 [main] DEBUG org.apache.http.headers -- >> POST /BookStore/v1/Books HTTP/1.1
13:22:53.575 [main] DEBUG org.apache.http.headers -- >> Authorization: Bearer null
13:22:53.575 [main] DEBUG org.apache.http.headers -- >> Accept: */*
13:22:53.575 [main] DEBUG org.apache.http.headers -- >> Content-Type: application/json
13:22:53.575 [main] DEBUG org.apache.http.headers -- >> Content-Length: 179
13:22:53.575 [main] DEBUG org.apache.http.headers -- >> Host: demoqa.com
13:22:53.575 [main] DEBUG org.apache.http.headers -- >> Connection: Keep-Alive
13:22:53.575 [main] DEBUG org.apache.http.headers -- >> User-Agent: Apache-HttpClient/4.5.13 (Java/22.0.1)
13:22:53.575 [main] DEBUG org.apache.http.headers -- >> Accept-Encoding: gzip,deflate
13:22:53.575 [main] DEBUG org.apache.http.wire --  >> "{[\r][\n]"
13:22:53.575 [main] DEBUG org.apache.http.wire --  >> "  "userId": "4ff834c7-8d0e-4b0d-9d16-1dca4afbe6ae",[\r][\n]"
13:22:53.575 [main] DEBUG org.apache.http.wire --  >> "  "collectionOfIsbns": [[\r][\n]"
13:22:53.575 [main] DEBUG org.apache.http.wire --  >> "    {[\r][\n]"
13:22:53.575 [main] DEBUG org.apache.http.wire --  >> "      "isbn": "9781449325862"[\r][\n]"
13:22:53.575 [main] DEBUG org.apache.http.wire --  >> "    },[\r][\n]"
13:22:53.575 [main] DEBUG org.apache.http.wire --  >> "    {[\r][\n]"
13:22:53.575 [main] DEBUG org.apache.http.wire --  >> "      "isbn": "9781449331818"[\r][\n]"
13:22:53.575 [main] DEBUG org.apache.http.wire --  >> "    }[\r][\n]"
13:22:53.575 [main] DEBUG org.apache.http.wire --  >> "  ][\r][\n]"
13:22:53.575 [main] DEBUG org.apache.http.wire --  >> "}"
13:22:53.821 [main] DEBUG org.apache.http.wire --  << "HTTP/1.1 401 Unauthorized[\r][\n]"
13:22:53.821 [main] DEBUG org.apache.http.wire --  << "Server: nginx/1.17.10 (Ubuntu)[\r][\n]"
13:22:53.821 [main] DEBUG org.apache.http.wire --  << "Date: Thu, 27 Jun 2024 08:22:53 GMT[\r][\n]"
13:22:53.822 [main] DEBUG org.apache.http.wire --  << "Content-Type: application/json; charset=utf-8[\r][\n]"
13:22:53.822 [main] DEBUG org.apache.http.wire --  << "Content-Length: 48[\r][\n]"
13:22:53.822 [main] DEBUG org.apache.http.wire --  << "Connection: keep-alive[\r][\n]"
13:22:53.822 [main] DEBUG org.apache.http.wire --  << "X-Powered-By: Express[\r][\n]"
13:22:53.822 [main] DEBUG org.apache.http.wire --  << "ETag: W/"30-V67npMN18Zy3bnk1xW2xtLGgx8c"[\r][\n]"
13:22:53.822 [main] DEBUG org.apache.http.wire --  << "[\r][\n]"
13:22:53.822 [main] DEBUG org.apache.http.impl.conn.DefaultClientConnection -- Receiving response: HTTP/1.1 401 Unauthorized
13:22:53.822 [main] DEBUG org.apache.http.headers -- << HTTP/1.1 401 Unauthorized
13:22:53.822 [main] DEBUG org.apache.http.headers -- << Server: nginx/1.17.10 (Ubuntu)
13:22:53.822 [main] DEBUG org.apache.http.headers -- << Date: Thu, 27 Jun 2024 08:22:53 GMT
13:22:53.822 [main] DEBUG org.apache.http.headers -- << Content-Type: application/json; charset=utf-8
13:22:53.822 [main] DEBUG org.apache.http.headers -- << Content-Length: 48
13:22:53.822 [main] DEBUG org.apache.http.headers -- << Connection: keep-alive
13:22:53.822 [main] DEBUG org.apache.http.headers -- << X-Powered-By: Express
13:22:53.822 [main] DEBUG org.apache.http.headers -- << ETag: W/"30-V67npMN18Zy3bnk1xW2xtLGgx8c"
13:22:53.823 [main] DEBUG org.apache.http.impl.client.DefaultHttpClient -- Connection can be kept alive indefinitely
13:22:53.823 [main] DEBUG org.apache.http.impl.client.DefaultHttpClient -- Authentication required
13:22:53.823 [main] DEBUG org.apache.http.impl.client.DefaultHttpClient -- demoqa.com:443 requested authentication
13:22:53.823 [main] DEBUG org.apache.http.impl.client.DefaultHttpClient -- Response contains no authentication challenges
13:22:53.823 [main] DEBUG io.restassured.internal.RestAssuredHttpBuilder -- Parsing response as: application/json; charset=utf-8
13:22:53.823 [main] DEBUG io.restassured.internal.RestAssuredHttpBuilder -- Parsed data to instance of: class org.apache.http.conn.EofSensorInputStream
13:22:53.824 [main] DEBUG io.github.bonigarcia.wdm.WebDriverManager -- Using WebDriverManager 5.8.0
13:22:53.831 [main] DEBUG io.github.bonigarcia.wdm.cache.ResolutionCache -- Resolution chrome=126 in cache (valid until 14:11:56 27/06/2024 YEKT)
13:22:53.831 [main] DEBUG io.github.bonigarcia.wdm.cache.ResolutionCache -- Resolution chrome126=126.0.6478.126 in cache (valid until 00:46:15 28/06/2024 YEKT)
13:22:53.831 [main] INFO io.github.bonigarcia.wdm.WebDriverManager -- Using chromedriver 126.0.6478.126 (resolved driver for Chrome 126)
13:22:53.835 [main] DEBUG io.github.bonigarcia.wdm.WebDriverManager -- Driver chromedriver 126.0.6478.126 found in cache
13:22:53.835 [main] INFO io.github.bonigarcia.wdm.WebDriverManager -- Exporting webdriver.chrome.driver as /Users/admin/.cache/selenium/chromedriver/mac64/126.0.6478.126/chromedriver
]]></system-out>
    <system-err><![CDATA[июн. 27, 2024 1:22:55 PM org.openqa.selenium.devtools.CdpVersionFinder findNearestMatch
WARNING: Unable to find an exact match for CDP version 126, returning the closest version; found: 125; Please update to a Selenium version that supports CDP version 126
]]></system-err>
  </testcase>
</testsuite>